#
# There is insufficient memory for the Java Runtime Environment to continue.
# Native memory allocation (malloc) failed to allocate 32784 bytes for Chunk::new
# Possible reasons:
#   The system is out of physical RAM or swap space
#   In 32 bit mode, the process size limit was hit
# Possible solutions:
#   Reduce memory load on the system
#   Increase physical memory or swap space
#   Check if swap backing store is full
#   Use 64 bit Java on a 64 bit OS
#   Decrease Java heap size (-Xmx/-Xms)
#   Decrease number of Java threads
#   Decrease Java thread stack sizes (-Xss)
#   Set larger code cache with -XX:ReservedCodeCacheSize=
# This output file may be truncated or incomplete.
#
#  Out of Memory Error (allocation.cpp:390), pid=14332, tid=0x00000000000016f4
#
# JRE version: Java(TM) SE Runtime Environment (8.0_111-b14) (build 1.8.0_111-b14)
# Java VM: Java HotSpot(TM) 64-Bit Server VM (25.111-b14 mixed mode windows-amd64 compressed oops)
# Failed to write core dump. Minidumps are not enabled by default on client versions of Windows
#

---------------  T H R E A D  ---------------

Current thread (0x0000000013a3e000):  JavaThread "C2 CompilerThread0" daemon [_thread_in_native, id=5876, stack(0x0000000015080000,0x0000000015180000)]

Stack: [0x0000000015080000,0x0000000015180000]
[error occurred during error reporting (printing stack bounds), id 0xc0000005]

Native frames: (J=compiled Java code, j=interpreted, Vv=VM code, C=native code)


Current CompileTask:
C2:   2078 1325       4       com.android.dx.ssa.SCCP::simulateStmt (481 bytes)


---------------  P R O C E S S  ---------------

Java Threads: ( => current thread )
  0x000000001560d800 JavaThread "pool-1-thread-4" [_thread_in_Java, id=8736, stack(0x0000000015d80000,0x0000000015e80000)]
  0x0000000015605000 JavaThread "pool-1-thread-3" [_thread_in_Java, id=13380, stack(0x0000000015c80000,0x0000000015d80000)]
  0x0000000015604800 JavaThread "pool-1-thread-2" [_thread_in_Java, id=1692, stack(0x0000000015b80000,0x0000000015c80000)]
  0x00000000155ee800 JavaThread "pool-2-thread-1" [_thread_blocked, id=13420, stack(0x0000000015a80000,0x0000000015b80000)]
  0x00000000155e5800 JavaThread "pool-1-thread-1" [_thread_in_Java, id=13904, stack(0x0000000015980000,0x0000000015a80000)]
  0x0000000013a9d000 JavaThread "Service Thread" daemon [_thread_blocked, id=15528, stack(0x0000000015780000,0x0000000015880000)]
  0x0000000013a47000 JavaThread "C1 CompilerThread2" daemon [_thread_blocked, id=2024, stack(0x0000000015280000,0x0000000015380000)]
  0x0000000013a43800 JavaThread "C2 CompilerThread1" daemon [_thread_in_native, id=8464, stack(0x0000000015180000,0x0000000015280000)]
=>0x0000000013a3e000 JavaThread "C2 CompilerThread0" daemon [_thread_in_native, id=5876, stack(0x0000000015080000,0x0000000015180000)]
  0x0000000013a3c000 JavaThread "Attach Listener" daemon [_thread_blocked, id=16436, stack(0x0000000014f80000,0x0000000015080000)]
  0x0000000013a3b000 JavaThread "Signal Dispatcher" daemon [_thread_blocked, id=6660, stack(0x0000000014e80000,0x0000000014f80000)]
  0x0000000013a2a000 JavaThread "Finalizer" daemon [_thread_blocked, id=9420, stack(0x0000000014c90000,0x0000000014d90000)]
  0x0000000013a09000 JavaThread "Reference Handler" daemon [_thread_blocked, id=9300, stack(0x0000000014b90000,0x0000000014c90000)]
  0x000000000236e800 JavaThread "main" [_thread_in_Java, id=16472, stack(0x0000000002420000,0x0000000002520000)]

Other Threads:
  0x0000000013a07000 VMThread [stack: 0x0000000014a90000,0x0000000014b90000] [id=14520]
  0x00000000153a3800 WatcherThread [stack: 0x0000000015880000,0x0000000015980000] [id=584]

VM state:not at safepoint (normal execution)

VM Mutex/Monitor currently owned by a thread: None

Heap:
 PSYoungGen      total 37888K, used 23139K [0x00000000f5580000, 0x00000000f7f80000, 0x0000000100000000)
  eden space 32768K, 55% used [0x00000000f5580000,0x00000000f671bf78,0x00000000f7580000)
  from space 5120K, 99% used [0x00000000f7580000,0x00000000f7a7ce98,0x00000000f7a80000)
  to   space 5120K, 0% used [0x00000000f7a80000,0x00000000f7a80000,0x00000000f7f80000)
 ParOldGen       total 86016K, used 1195K [0x00000000e0000000, 0x00000000e5400000, 0x00000000f5580000)
  object space 86016K, 1% used [0x00000000e0000000,0x00000000e012ac10,0x00000000e5400000)
 Metaspace       used 6121K, capacity 7032K, committed 7296K, reserved 1056768K
  class space    used 610K, capacity 624K, committed 640K, reserved 1048576K

Card table byte_map: [0x00000000119e0000,0x0000000011af0000] byte_map_base: 0x00000000112e0000

Marking Bits: (ParMarkBitMap*) 0x0000000074afa6c0
 Begin Bits: [0x0000000011fa0000, 0x00000000127a0000)
 End Bits:   [0x00000000127a0000, 0x0000000012fa0000)

Polling page: 0x00000000007c0000

CodeCache: size=245760Kb used=5672Kb max_used=5672Kb free=240087Kb
 bounds [0x0000000002620000, 0x0000000002bb0000, 0x0000000011620000]
 total_blobs=1641 nmethods=1379 adapters=176
 compilation: enabled

Compilation events (10 events):
Event: 2.048 Thread 0x0000000013a47000 1386       3       com.android.dx.ssa.SsaInsn::makeFromRop (10 bytes)
Event: 2.049 Thread 0x0000000013a47000 nmethod 1386 0x0000000002ba9890 code [0x0000000002ba9a20, 0x0000000002ba9ea8]
Event: 2.049 Thread 0x0000000013a47000 1387       1       com.android.dx.cf.direct.DirectClassFile$DcfTypeList::size (5 bytes)
Event: 2.050 Thread 0x0000000013a47000 nmethod 1387 0x0000000002baa110 code [0x0000000002baa260, 0x0000000002baa370]
Event: 2.050 Thread 0x0000000013a47000 1388       3       com.android.dx.cf.code.Frame::mergeWith (80 bytes)
Event: 2.051 Thread 0x0000000013a47000 nmethod 1388 0x0000000002baa3d0 code [0x0000000002baa600, 0x0000000002bab5e8]
Event: 2.052 Thread 0x0000000013a47000 1389       3       com.android.dx.rop.cst.CstString::<init> (42 bytes)
Event: 2.053 Thread 0x0000000013a47000 nmethod 1389 0x0000000002baba90 code [0x0000000002babc60, 0x0000000002bac1f8]
Event: 2.068 Thread 0x0000000013a47000 1390       3       com.android.dx.ssa.SsaBasicBlock::addMoveToEnd (172 bytes)
Event: 2.071 Thread 0x0000000013a47000 nmethod 1390 0x0000000002bac490 code [0x0000000002bac820, 0x0000000002bae748]

GC Heap History (2 events):
Event: 1.672 GC heap before
{Heap before GC invocations=1 (full 0):
 PSYoungGen      total 37888K, used 32768K [0x00000000f5580000, 0x00000000f7f80000, 0x0000000100000000)
  eden space 32768K, 100% used [0x00000000f5580000,0x00000000f7580000,0x00000000f7580000)
  from space 5120K, 0% used [0x00000000f7a80000,0x00000000f7a80000,0x00000000f7f80000)
  to   space 5120K, 0% used [0x00000000f7580000,0x00000000f7580000,0x00000000f7a80000)
 ParOldGen       total 86016K, used 0K [0x00000000e0000000, 0x00000000e5400000, 0x00000000f5580000)
  object space 86016K, 0% used [0x00000000e0000000,0x00000000e0000000,0x00000000e5400000)
 Metaspace       used 6001K, capacity 6966K, committed 7040K, reserved 1056768K
  class space    used 608K, capacity 622K, committed 640K, reserved 1048576K
Event: 1.687 GC heap after
Heap after GC invocations=1 (full 0):
 PSYoungGen      total 37888K, used 5107K [0x00000000f5580000, 0x00000000f7f80000, 0x0000000100000000)
  eden space 32768K, 0% used [0x00000000f5580000,0x00000000f5580000,0x00000000f7580000)
  from space 5120K, 99% used [0x00000000f7580000,0x00000000f7a7ce98,0x00000000f7a80000)
  to   space 5120K, 0% used [0x00000000f7a80000,0x00000000f7a80000,0x00000000f7f80000)
 ParOldGen       total 86016K, used 1195K [0x00000000e0000000, 0x00000000e5400000, 0x00000000f5580000)
  object space 86016K, 1% used [0x00000000e0000000,0x00000000e012ac10,0x00000000e5400000)
 Metaspace       used 6001K, capacity 6966K, committed 7040K, reserved 1056768K
  class space    used 608K, capacity 622K, committed 640K, reserved 1048576K
}

Deoptimization events (10 events):
Event: 1.631 Thread 0x0000000015605000 Uncommon trap: reason=class_check action=maybe_recompile pc=0x0000000002a3a3e8 method=com.android.dx.ssa.NormalSsaInsn.accept(Lcom/android/dx/ssa/SsaInsn$Visitor;)V @ 9
Event: 1.631 Thread 0x0000000015605000 Uncommon trap: reason=class_check action=maybe_recompile pc=0x0000000002a3a3e8 method=com.android.dx.ssa.NormalSsaInsn.accept(Lcom/android/dx/ssa/SsaInsn$Visitor;)V @ 9
Event: 1.631 Thread 0x0000000015605000 Uncommon trap: reason=class_check action=maybe_recompile pc=0x00000000028ad1b0 method=com.android.dx.ssa.NormalSsaInsn.accept(Lcom/android/dx/ssa/SsaInsn$Visitor;)V @ 9
Event: 1.632 Thread 0x0000000015605000 Uncommon trap: reason=class_check action=maybe_recompile pc=0x000000000287b270 method=com.android.dx.ssa.NormalSsaInsn.accept(Lcom/android/dx/ssa/SsaInsn$Visitor;)V @ 9
Event: 1.876 Thread 0x000000001560d800 Uncommon trap: reason=unstable_if action=reinterpret pc=0x0000000002946a2c method=com.android.dx.rop.code.RegisterSpecSet.put(Lcom/android/dx/rop/code/RegisterSpec;)V @ 77
Event: 1.877 Thread 0x000000001560d800 Uncommon trap: reason=unstable_if action=reinterpret pc=0x00000000029be71c method=com.android.dx.rop.code.RegisterSpecSet.put(Lcom/android/dx/rop/code/RegisterSpec;)V @ 77
Event: 1.973 Thread 0x0000000015605000 Uncommon trap: reason=unstable_if action=reinterpret pc=0x0000000002943218 method=com.android.dx.rop.code.RegisterSpec.equals(ILcom/android/dx/rop/type/TypeBearer;Lcom/android/dx/rop/code/LocalItem;)Z @ 42
Event: 1.974 Thread 0x0000000015605000 Uncommon trap: reason=unstable_if action=reinterpret pc=0x0000000002aba000 method=com.android.dx.ssa.SsaRenamer$BlockRenamer.addMapping(ILcom/android/dx/rop/code/RegisterSpec;)V @ 120
Event: 1.974 Thread 0x0000000015605000 Uncommon trap: reason=unstable_if action=reinterpret pc=0x0000000002a63f60 method=com.android.dx.ssa.SsaRenamer$BlockRenamer.addMapping(ILcom/android/dx/rop/code/RegisterSpec;)V @ 120
Event: 2.037 Thread 0x00000000155e5800 Uncommon trap: reason=bimorphic action=maybe_recompile pc=0x0000000002b78288 method=java.util.HashMap.putVal(ILjava/lang/Object;Ljava/lang/Object;ZZ)Ljava/lang/Object; @ 91

Internal exceptions (2 events):
Event: 0.184 Thread 0x000000000236e800 Exception <a 'java/lang/NoSuchMethodError': Method sun.misc.Unsafe.defineClass(Ljava/lang/String;[BII)Ljava/lang/Class; name or signature does not match> (0x00000000f5587c78) thrown at [C:\re\workspace\8-2-build-windows-amd64-cygwin\jdk8u111\7883\hotspot\
Event: 0.184 Thread 0x000000000236e800 Exception <a 'java/lang/NoSuchMethodError': Method sun.misc.Unsafe.prefetchRead(Ljava/lang/Object;J)V name or signature does not match> (0x00000000f5587f60) thrown at [C:\re\workspace\8-2-build-windows-amd64-cygwin\jdk8u111\7883\hotspot\src\share\vm\prims

Events (10 events):
Event: 1.973 Thread 0x0000000015605000 DEOPT UNPACKING pc=0x000000000266582a sp=0x0000000015d7e518 mode 2
Event: 1.974 Thread 0x0000000015605000 Uncommon trap: trap_request=0xffffff65 fr.pc=0x0000000002aba000
Event: 1.974 Thread 0x0000000015605000 DEOPT PACKING pc=0x0000000002aba000 sp=0x0000000015d7e420
Event: 1.974 Thread 0x0000000015605000 DEOPT UNPACKING pc=0x000000000266582a sp=0x0000000015d7e340 mode 2
Event: 1.974 Thread 0x0000000015605000 Uncommon trap: trap_request=0xffffff65 fr.pc=0x0000000002a63f60
Event: 1.974 Thread 0x0000000015605000 DEOPT PACKING pc=0x0000000002a63f60 sp=0x0000000015d7e380
Event: 1.974 Thread 0x0000000015605000 DEOPT UNPACKING pc=0x000000000266582a sp=0x0000000015d7e328 mode 2
Event: 2.037 Thread 0x00000000155e5800 Uncommon trap: trap_request=0xffffffc6 fr.pc=0x0000000002b78288
Event: 2.037 Thread 0x00000000155e5800 DEOPT PACKING pc=0x0000000002b78288 sp=0x0000000015a7eb70
Event: 2.037 Thread 0x00000000155e5800 DEOPT UNPACKING pc=0x000000000266582a sp=0x0000000015a7eaf8 mode 2


Dynamic libraries:
0x00007ff6df360000 - 0x00007ff6df397000 	C:\Program Files\Java\jdk1.8.0_111\bin\java.exe
0x00007ffb63010000 - 0x00007ffb631eb000 	C:\WINDOWS\SYSTEM32\ntdll.dll
0x00007ffb61fd0000 - 0x00007ffb6207e000 	C:\WINDOWS\System32\KERNEL32.DLL
0x00007ffb60220000 - 0x00007ffb60469000 	C:\WINDOWS\System32\KERNELBASE.dll
0x00007ffb61ef0000 - 0x00007ffb61f91000 	C:\WINDOWS\System32\ADVAPI32.dll
0x00007ffb62e40000 - 0x00007ffb62edd000 	C:\WINDOWS\System32\msvcrt.dll
0x00007ffb62ab0000 - 0x00007ffb62b09000 	C:\WINDOWS\System32\sechost.dll
0x00007ffb62ee0000 - 0x00007ffb63005000 	C:\WINDOWS\System32\RPCRT4.dll
0x00007ffb60830000 - 0x00007ffb6097a000 	C:\WINDOWS\System32\USER32.dll
0x00007ffb5f620000 - 0x00007ffb5f63e000 	C:\WINDOWS\System32\win32u.dll
0x00007ffb61fa0000 - 0x00007ffb61fc7000 	C:\WINDOWS\System32\GDI32.dll
0x00007ffb60020000 - 0x00007ffb601a8000 	C:\WINDOWS\System32\gdi32full.dll
0x00007ffb5f530000 - 0x00007ffb5f5ca000 	C:\WINDOWS\System32\msvcp_win.dll
0x00007ffb60470000 - 0x00007ffb60566000 	C:\WINDOWS\System32\ucrtbase.dll
0x00007ffb4f9a0000 - 0x00007ffb4fc07000 	C:\WINDOWS\WinSxS\amd64_microsoft.windows.common-controls_6595b64144ccf1df_6.0.15063.483_none_26002d27e7c744a2\COMCTL32.dll
0x00007ffb62160000 - 0x00007ffb62459000 	C:\WINDOWS\System32\combase.dll
0x00007ffb601b0000 - 0x00007ffb6021a000 	C:\WINDOWS\System32\bcryptPrimitives.dll
0x00007ffb605b0000 - 0x00007ffb605dd000 	C:\WINDOWS\System32\IMM32.DLL
0x00000000752a0000 - 0x0000000075372000 	C:\Program Files\Java\jdk1.8.0_111\jre\bin\msvcr100.dll
0x00000000742e0000 - 0x0000000074b7a000 	C:\Program Files\Java\jdk1.8.0_111\jre\bin\server\jvm.dll
0x00007ffb60570000 - 0x00007ffb60578000 	C:\WINDOWS\System32\PSAPI.DLL
0x00007ffb51960000 - 0x00007ffb51969000 	C:\WINDOWS\SYSTEM32\WSOCK32.dll
0x00007ffb62a40000 - 0x00007ffb62aac000 	C:\WINDOWS\System32\WS2_32.dll
0x00007ffb5db20000 - 0x00007ffb5db43000 	C:\WINDOWS\SYSTEM32\WINMM.dll
0x00007ffb51780000 - 0x00007ffb5178a000 	C:\WINDOWS\SYSTEM32\VERSION.dll
0x00007ffb5daf0000 - 0x00007ffb5db1b000 	C:\WINDOWS\SYSTEM32\WINMMBASE.dll
0x00007ffb5f5d0000 - 0x00007ffb5f619000 	C:\WINDOWS\System32\cfgmgr32.dll
0x0000000075290000 - 0x000000007529f000 	C:\Program Files\Java\jdk1.8.0_111\jre\bin\verify.dll
0x0000000075260000 - 0x0000000075289000 	C:\Program Files\Java\jdk1.8.0_111\jre\bin\java.dll
0x0000000075240000 - 0x0000000075256000 	C:\Program Files\Java\jdk1.8.0_111\jre\bin\zip.dll
0x00007ffb609e0000 - 0x00007ffb61e17000 	C:\WINDOWS\System32\SHELL32.dll
0x00007ffb62d90000 - 0x00007ffb62e3a000 	C:\WINDOWS\System32\shcore.dll
0x00007ffb5f750000 - 0x00007ffb5fe42000 	C:\WINDOWS\System32\windows.storage.dll
0x00007ffb605e0000 - 0x00007ffb60631000 	C:\WINDOWS\System32\shlwapi.dll
0x00007ffb5f4a0000 - 0x00007ffb5f4b1000 	C:\WINDOWS\System32\kernel.appcore.dll
0x00007ffb5f4e0000 - 0x00007ffb5f52c000 	C:\WINDOWS\System32\powrprof.dll
0x00007ffb5f480000 - 0x00007ffb5f495000 	C:\WINDOWS\System32\profapi.dll

VM Arguments:
jvm_args: -Djava.awt.headless=true -Xmx1024M -Dfile.encoding=windows-1252 -Duser.country=US -Duser.language=en -Duser.variant -Xmx512M 
java_command: com.android.dx.command.Main --dex --num-threads=4 --output G:\projetEvaluation\codepath-android-project-3-twitter-client-master 2\app\build\intermediates\pre-dexed\debug\classes_9bd437a3e3f1fa23d32b4021902b3ff8246bce74.jar C:\Users\domin\.android\build-cache\893c3842906ebd58db838003d0c55b9bac339327\output\jars\classes.jar
java_class_path (initial): C:\Users\domin\AppData\Local\Android\sdk\build-tools\25.0.0\lib\dx.jar
Launcher Type: SUN_STANDARD

Environment Variables:
_JAVA_OPTIONS=-Xmx512M
CLASSPATH=.;C:\Program Files (x86)\QuickTime\QTSystem\QTJava.zip
PATH=C:\ProgramData\Oracle\Java\javapath;C:\WINDOWS\system32;C:\WINDOWS;C:\WINDOWS\System32\Wbem;C:\WINDOWS\System32\WindowsPowerShell\v1.0\;C:\Program Files (x86)\QuickTime\QTSystem\;C:\Program Files (x86)\Windows Kits\8.1\Windows Performance Toolkit\;C:\Program Files\Microsoft SQL Server\110\Tools\Binn\;C:\Program Files\Microsoft SQL Server\120\DTS\Binn\;C:\Program Files\Microsoft SQL Server\Client SDK\ODBC\110\Tools\Binn\;C:\Program Files (x86)\Microsoft SQL Server\120\Tools\Binn\;C:\Program Files\Microsoft SQL Server\120\Tools\Binn\;C:\Program Files (x86)\Microsoft SQL Server\120\Tools\Binn\ManagementStudio\;C:\Program Files (x86)\Microsoft SQL Server\120\DTS\Binn\;C:\android-sdk-windows\;C:\Program Files (x86)\Skype\Phone\;C:\Program Files (x86)\Calibre2\;C:\Program Files (x86)\Windows Live\Shared;C:\Program Files (x86)\GtkSharp\2.12\bin;C:\Program Files\Git\cmd;C:\Users\domin\AppData\Local\Microsoft\WindowsApps;
USERNAME=domin
OS=Windows_NT
PROCESSOR_IDENTIFIER=Intel64 Family 6 Model 37 Stepping 5, GenuineIntel



---------------  S Y S T E M  ---------------

OS: Windows 10.0 , 64 bit Build 15063 (10.0.15063.296)

CPU:total 4 (2 cores per cpu, 2 threads per core) family 6 model 37 stepping 5, cmov, cx8, fxsr, mmx, sse, sse2, sse3, ssse3, sse4.1, sse4.2, popcnt, ht, tsc, tscinvbit

Memory: 4k page, physical 8181612k(1592752k free), swap 10121068k(5504k free)

vm_info: Java HotSpot(TM) 64-Bit Server VM (25.111-b14) for windows-amd64 JRE (1.8.0_111-b14), built on Sep 22 2016 19:24:05 by "java_re" with MS VC++ 10.0 (VS2010)

time: Tue Aug 01 12:47:14 2017
elapsed time: 2 seconds (0d 0h 0m 2s)

